info it worked if it ends with ok
verbose cli [ 'node', '/usr/local/bin/npm', 'install', '-d' ]
info using npm@1.1.4
info using node@v0.6.12
verbose config file /Users/ldrawlin/.npmrc
verbose config file /usr/local/etc/npmrc
verbose config file /usr/local/lib/node_modules/npm/npmrc
verbose caching /Volumes/burg/Projects/Web/louisrawlins/apps/portfolio/package.json
verbose loadDefaults application-name@0.0.1
verbose readDependencies: using package.json deps
verbose where, deps [ '/Volumes/burg/Projects/Web/louisrawlins/apps/portfolio',
verbose where, deps   [ 'express', 'jade' ] ]
verbose from cache /Volumes/burg/Projects/Web/louisrawlins/apps/portfolio/package.json
info preinstall application-name@0.0.1
verbose from cache /Volumes/burg/Projects/Web/louisrawlins/apps/portfolio/package.json
verbose readDependencies: using package.json deps
verbose cache add [ 'express@2.5.8', null ]
silly cache add: name, spec, args [ undefined, 'express@2.5.8', [ 'express@2.5.8', null ] ]
verbose parsed url { pathname: 'express@2.5.8',
verbose parsed url   path: 'express@2.5.8',
verbose parsed url   href: 'express@2.5.8' }
silly cache add: name, spec, args [ 'express', '2.5.8', [ 'express', '2.5.8' ] ]
verbose parsed url { pathname: '2.5.8', path: '2.5.8', href: '2.5.8' }
verbose addNamed [ 'express', '2.5.8' ]
verbose addNamed [ '2.5.8', '2.5.8' ]
verbose cache add [ 'jade@>= 0.0.1', null ]
silly cache add: name, spec, args [ undefined, 'jade@>= 0.0.1', [ 'jade@>= 0.0.1', null ] ]
verbose parsed url { pathname: 'jade@', path: 'jade@', href: 'jade@' }
silly cache add: name, spec, args [ 'jade', '>= 0.0.1', [ 'jade', '>= 0.0.1' ] ]
verbose parsed url { pathname: '=', path: '=', href: '=' }
verbose addNamed [ 'jade', '>= 0.0.1' ]
verbose addNamed [ null, '>=0.0.1' ]
silly name, range, hasData [ 'jade', '>=0.0.1', false ]
verbose raw, before any munging express/2.5.8
verbose url resolving [ 'https://registry.npmjs.org/', './express/2.5.8' ]
verbose url resolved https://registry.npmjs.org/express/2.5.8
verbose etag "6Q9MSDWRXUWSLBG9675QAX910"
http GET https://registry.npmjs.org/express/2.5.8
verbose raw, before any munging jade
verbose url resolving [ 'https://registry.npmjs.org/', './jade' ]
verbose url resolved https://registry.npmjs.org/jade
verbose etag "1SRG8I4G8X4E3UTD2OJ53LD7S"
http GET https://registry.npmjs.org/jade
http 304 https://registry.npmjs.org/express/2.5.8
silly get cb [ 304,
silly get cb   { server: 'CouchDB/1.2.0 (Erlang OTP/R15B)',
silly get cb     etag: '"6Q9MSDWRXUWSLBG9675QAX910"',
silly get cb     date: 'Tue, 06 Mar 2012 05:45:32 GMT',
silly get cb     'content-length': '0' } ]
verbose etag express/2.5.8 from cache
verbose bin dist [ '0.6-ares1.7.5-DEV-evundefined-openssl0.9.8r-v83.6.6.24-darwin-x64-11.2.0',
verbose bin dist   { shasum: 'f166b55d4e8c6d2307ef88ad1768209613f7452a',
verbose bin dist     tarball: 'http://registry.npmjs.org/express/-/express-2.5.8.tgz' } ]
verbose caching /Users/ldrawlin/.npm/express/2.5.8/package/package.json
verbose loadDefaults express@2.5.8
http 304 https://registry.npmjs.org/jade
silly get cb [ 304,
silly get cb   { server: 'CouchDB/1.2.0 (Erlang OTP/R15B)',
silly get cb     etag: '"1SRG8I4G8X4E3UTD2OJ53LD7S"',
silly get cb     date: 'Tue, 06 Mar 2012 05:45:33 GMT',
silly get cb     'content-length': '0' } ]
verbose etag jade from cache
silly name, range, hasData 2 [ 'jade', '>=0.0.1', true ]
silly versions [ 'jade',
silly versions   [ '0.0.1',
silly versions     '0.0.2',
silly versions     '0.1.0',
silly versions     '0.2.0',
silly versions     '0.2.1',
silly versions     '0.2.2',
silly versions     '0.2.3',
silly versions     '0.2.4',
silly versions     '0.3.0',
silly versions     '0.4.0',
silly versions     '0.4.1',
silly versions     '0.5.0',
silly versions     '0.5.1',
silly versions     '0.5.2',
silly versions     '0.5.3',
silly versions     '0.5.4',
silly versions     '0.5.5',
silly versions     '0.5.6',
silly versions     '0.5.7',
silly versions     '0.6.0',
silly versions     '0.6.1',
silly versions     '0.6.3',
silly versions     '0.7.0',
silly versions     '0.7.1',
silly versions     '0.8.0',
silly versions     '0.8.1',
silly versions     '0.8.2',
silly versions     '0.8.3',
silly versions     '0.8.4',
silly versions     '0.8.5',
silly versions     '0.8.6',
silly versions     '0.8.7',
silly versions     '0.8.8',
silly versions     '0.8.9',
silly versions     '0.9.0',
silly versions     '0.9.1',
silly versions     '0.9.2',
silly versions     '0.9.3',
silly versions     '0.10.0',
silly versions     '0.10.1',
silly versions     '0.10.2',
silly versions     '0.10.3',
silly versions     '0.10.4',
silly versions     '0.10.5',
silly versions     '0.10.6',
silly versions     '0.10.7',
silly versions     '0.11.0',
silly versions     '0.11.1',
silly versions     '0.12.0',
silly versions     '0.12.1',
silly versions     '0.12.2',
silly versions     '0.12.3',
silly versions     '0.12.4',
silly versions     '0.13.0',
silly versions     '0.14.0',
silly versions     '0.14.1',
silly versions     '0.14.2',
silly versions     '0.15.0',
silly versions     '0.15.1',
silly versions     '0.15.2',
silly versions     '0.15.3',
silly versions     '0.15.4',
silly versions     '0.16.0',
silly versions     '0.16.1',
silly versions     '0.16.2',
silly versions     '0.16.3',
silly versions     '0.16.4',
silly versions     '0.17.0',
silly versions     '0.18.0',
silly versions     '0.19.0',
silly versions     '0.20.0',
silly versions     '0.20.1',
silly versions     '0.20.2',
silly versions     '0.20.3' ] ]
verbose bin dist [ '0.6-ares1.7.5-DEV-evundefined-openssl0.9.8r-v83.6.6.24-darwin-x64-11.2.0',
verbose bin dist   { shasum: '7f43cbc7103762abb72a67fd6484eb72ac1d28a0',
verbose bin dist     tarball: 'http://registry.npmjs.org/jade/-/jade-0.20.3.tgz' } ]
verbose caching /Users/ldrawlin/.npm/jade/0.20.3/package/package.json
verbose loadDefaults jade@0.20.3
silly resolved [ { name: 'express',
silly resolved     description: 'Sinatra inspired web development framework',
silly resolved     version: '2.5.8',
silly resolved     author: { name: 'TJ Holowaychuk', email: 'tj@vision-media.ca' },
silly resolved     contributors: 
silly resolved      [ { name: 'TJ Holowaychuk', email: 'tj@vision-media.ca' },
silly resolved        { name: 'Aaron Heckmann',
silly resolved          email: 'aaron.heckmann+github@gmail.com' },
silly resolved        { name: 'Ciaran Jessup', email: 'ciaranj@gmail.com' },
silly resolved        { name: 'Guillermo Rauch', email: 'rauchg@gmail.com' } ],
silly resolved     dependencies: { connect: '1.x', mime: '1.2.4', qs: '0.4.x', mkdirp: '0.3.0' },
silly resolved     devDependencies: 
silly resolved      { 'connect-form': '0.2.1',
silly resolved        ejs: '0.4.2',
silly resolved        expresso: '0.9.2',
silly resolved        hamljs: '0.6.x',
silly resolved        jade: '0.16.2',
silly resolved        stylus: '0.13.0',
silly resolved        should: '0.3.2',
silly resolved        'express-messages': '0.0.2',
silly resolved        'node-markdown': '>= 0.0.1',
silly resolved        'connect-redis': '>= 0.0.1' },
silly resolved     keywords: [ 'framework', 'sinatra', 'web', 'rest', 'restful' ],
silly resolved     repository: { type: 'git', url: 'git://github.com/visionmedia/express.git' },
silly resolved     main: 'index',
silly resolved     bin: { express: './bin/express' },
silly resolved     scripts: { test: 'make test', prepublish: 'npm prune' },
silly resolved     engines: { node: '>= 0.4.1 < 0.7.0' },
silly resolved     _id: 'express@2.5.8',
silly resolved     optionalDependencies: {},
silly resolved     _engineSupported: true,
silly resolved     _npmVersion: '1.1.4',
silly resolved     _nodeVersion: 'v0.6.12',
silly resolved     _defaultsLoaded: true,
silly resolved     _from: 'express@2.5.8' },
silly resolved   { name: 'jade',
silly resolved     description: 'Jade template engine',
silly resolved     version: '0.20.3',
silly resolved     author: { name: 'TJ Holowaychuk', email: 'tj@vision-media.ca' },
silly resolved     repository: { type: 'git', url: 'git://github.com/visionmedia/jade.git' },
silly resolved     main: './index.js',
silly resolved     bin: { jade: './bin/jade' },
silly resolved     dependencies: { commander: '0.5.x', mkdirp: '>= 0.0.7' },
silly resolved     devDependencies: 
silly resolved      { mocha: '*',
silly resolved        'coffee-script': '>= 0.0.1',
silly resolved        markdown: '>= 0.0.1',
silly resolved        stylus: '>= 0.0.1',
silly resolved        uubench: '0.0.1',
silly resolved        'uglify-js': '>= 1.0.7' },
silly resolved     scripts: { prepublish: 'npm prune' },
silly resolved     engines: { node: '>= 0.1.98' },
silly resolved     _id: 'jade@0.20.3',
silly resolved     optionalDependencies: {},
silly resolved     _engineSupported: true,
silly resolved     _npmVersion: '1.1.4',
silly resolved     _nodeVersion: 'v0.6.12',
silly resolved     _defaultsLoaded: true,
silly resolved     _from: 'jade@>= 0.0.1' } ]
info into /Volumes/burg/Projects/Web/louisrawlins/apps/portfolio express@2.5.8
info into /Volumes/burg/Projects/Web/louisrawlins/apps/portfolio jade@0.20.3
info installOne express@2.5.8
info installOne jade@0.20.3
verbose from cache /Users/ldrawlin/.npm/express/2.5.8/package/package.json
info unbuild /Volumes/burg/Projects/Web/louisrawlins/apps/portfolio/node_modules/express
verbose from cache /Users/ldrawlin/.npm/jade/0.20.3/package/package.json
info unbuild /Volumes/burg/Projects/Web/louisrawlins/apps/portfolio/node_modules/jade
verbose mkdir (expected) error ENOENT, no such file or directory '/Volumes/burg/Projects/Web/louisrawlins/apps/portfolio/node_modules'
verbose mkdir (expected) error ENOENT, no such file or directory '/Volumes/burg/Projects/Web/louisrawlins/apps/portfolio/node_modules'
verbose mkdir (expected) error ENOENT, no such file or directory '/Volumes/burg/Projects/Web/louisrawlins/apps/portfolio/node_modules/___express.npm'
verbose mkdir (expected) error ENOENT, no such file or directory '/Volumes/burg/Projects/Web/louisrawlins/apps/portfolio/node_modules/___jade.npm'
verbose mkdir done: /Volumes/burg/Projects/Web/louisrawlins/apps/portfolio/node_modules/___express.npm 755
verbose mkdir done: /Volumes/burg/Projects/Web/louisrawlins/apps/portfolio/node_modules/___jade.npm 755
verbose unpack_ uid, gid [ undefined, undefined ]
verbose unpackTarget /Volumes/burg/Projects/Web/louisrawlins/apps/portfolio/node_modules/express
silly gunzTarPerm modes [ '755', '644' ]
verbose unpack_ uid, gid [ undefined, undefined ]
verbose unpackTarget /Volumes/burg/Projects/Web/louisrawlins/apps/portfolio/node_modules/jade
silly gunzTarPerm modes [ '755', '644' ]
silly afterUntar ok
silly afterUntar ok
silly asyncMap in gTP /Volumes/burg/Projects/Web/louisrawlins/apps/portfolio/node_modules/___express.npm/package
silly asyncMap in gTP /Volumes/burg/Projects/Web/louisrawlins/apps/portfolio/node_modules/___express.npm/package/.npmignore
silly asyncMap in gTP /Volumes/burg/Projects/Web/louisrawlins/apps/portfolio/node_modules/___express.npm/package/History.md
silly asyncMap in gTP /Volumes/burg/Projects/Web/louisrawlins/apps/portfolio/node_modules/___express.npm/package/index.js
silly asyncMap in gTP /Volumes/burg/Projects/Web/louisrawlins/apps/portfolio/node_modules/___express.npm/package/LICENSE
silly asyncMap in gTP /Volumes/burg/Projects/Web/louisrawlins/apps/portfolio/node_modules/___express.npm/package/Makefile
silly asyncMap in gTP /Volumes/burg/Projects/Web/louisrawlins/apps/portfolio/node_modules/___express.npm/package/package.json
silly asyncMap in gTP /Volumes/burg/Projects/Web/louisrawlins/apps/portfolio/node_modules/___express.npm/package/Readme.md
silly asyncMap in gTP /Volumes/burg/Projects/Web/louisrawlins/apps/portfolio/node_modules/___express.npm/package/bin
silly asyncMap in gTP /Volumes/burg/Projects/Web/louisrawlins/apps/portfolio/node_modules/___express.npm/package/bin/express
silly asyncMap in gTP /Volumes/burg/Projects/Web/louisrawlins/apps/portfolio/node_modules/___express.npm/package/lib
silly asyncMap in gTP /Volumes/burg/Projects/Web/louisrawlins/apps/portfolio/node_modules/___express.npm/package/lib/express.js
silly asyncMap in gTP /Volumes/burg/Projects/Web/louisrawlins/apps/portfolio/node_modules/___express.npm/package/lib/http.js
silly asyncMap in gTP /Volumes/burg/Projects/Web/louisrawlins/apps/portfolio/node_modules/___express.npm/package/lib/https.js
silly asyncMap in gTP /Volumes/burg/Projects/Web/louisrawlins/apps/portfolio/node_modules/___express.npm/package/lib/request.js
silly asyncMap in gTP /Volumes/burg/Projects/Web/louisrawlins/apps/portfolio/node_modules/___express.npm/package/lib/response.js
silly asyncMap in gTP /Volumes/burg/Projects/Web/louisrawlins/apps/portfolio/node_modules/___express.npm/package/lib/utils.js
silly asyncMap in gTP /Volumes/burg/Projects/Web/louisrawlins/apps/portfolio/node_modules/___express.npm/package/lib/view.js
silly asyncMap in gTP /Volumes/burg/Projects/Web/louisrawlins/apps/portfolio/node_modules/___express.npm/package/lib/router
silly asyncMap in gTP /Volumes/burg/Projects/Web/louisrawlins/apps/portfolio/node_modules/___express.npm/package/lib/router/collection.js
silly asyncMap in gTP /Volumes/burg/Projects/Web/louisrawlins/apps/portfolio/node_modules/___express.npm/package/lib/router/index.js
silly asyncMap in gTP /Volumes/burg/Projects/Web/louisrawlins/apps/portfolio/node_modules/___express.npm/package/lib/router/methods.js
silly asyncMap in gTP /Volumes/burg/Projects/Web/louisrawlins/apps/portfolio/node_modules/___express.npm/package/lib/router/route.js
silly asyncMap in gTP /Volumes/burg/Projects/Web/louisrawlins/apps/portfolio/node_modules/___express.npm/package/lib/view
silly asyncMap in gTP /Volumes/burg/Projects/Web/louisrawlins/apps/portfolio/node_modules/___express.npm/package/lib/view/partial.js
silly asyncMap in gTP /Volumes/burg/Projects/Web/louisrawlins/apps/portfolio/node_modules/___express.npm/package/lib/view/view.js
silly asyncMap in gTP /Volumes/burg/Projects/Web/louisrawlins/apps/portfolio/node_modules/___express.npm/package/testing
silly asyncMap in gTP /Volumes/burg/Projects/Web/louisrawlins/apps/portfolio/node_modules/___express.npm/package/testing/index.js
silly asyncMap in gTP /Volumes/burg/Projects/Web/louisrawlins/apps/portfolio/node_modules/___express.npm/package/testing/public
silly asyncMap in gTP /Volumes/burg/Projects/Web/louisrawlins/apps/portfolio/node_modules/___express.npm/package/testing/public/test.txt
silly asyncMap in gTP /Volumes/burg/Projects/Web/louisrawlins/apps/portfolio/node_modules/___express.npm/package/testing/views
silly asyncMap in gTP /Volumes/burg/Projects/Web/louisrawlins/apps/portfolio/node_modules/___express.npm/package/testing/views/page.html
silly asyncMap in gTP /Volumes/burg/Projects/Web/louisrawlins/apps/portfolio/node_modules/___express.npm/package/testing/views/page.jade
silly asyncMap in gTP /Volumes/burg/Projects/Web/louisrawlins/apps/portfolio/node_modules/___express.npm/package/testing/views/test.md
silly asyncMap in gTP /Volumes/burg/Projects/Web/louisrawlins/apps/portfolio/node_modules/___express.npm/package/testing/views/user
silly asyncMap in gTP /Volumes/burg/Projects/Web/louisrawlins/apps/portfolio/node_modules/___express.npm/package/testing/views/user/index.jade
silly asyncMap in gTP /Volumes/burg/Projects/Web/louisrawlins/apps/portfolio/node_modules/___express.npm/package/testing/views/user/list.jade
silly asyncMap in gTP /Volumes/burg/Projects/Web/louisrawlins/apps/portfolio/node_modules/___express.npm/package/testing/foo
silly asyncMap in gTP /Volumes/burg/Projects/Web/louisrawlins/apps/portfolio/node_modules/___express.npm/package/testing/foo/app.js
silly asyncMap in gTP /Volumes/burg/Projects/Web/louisrawlins/apps/portfolio/node_modules/___express.npm/package/testing/foo/package.json
silly asyncMap in gTP /Volumes/burg/Projects/Web/louisrawlins/apps/portfolio/node_modules/___express.npm/package/testing/foo/routes
silly asyncMap in gTP /Volumes/burg/Projects/Web/louisrawlins/apps/portfolio/node_modules/___express.npm/package/testing/foo/routes/index.js
silly asyncMap in gTP /Volumes/burg/Projects/Web/louisrawlins/apps/portfolio/node_modules/___express.npm/package/testing/foo/views
silly asyncMap in gTP /Volumes/burg/Projects/Web/louisrawlins/apps/portfolio/node_modules/___express.npm/package/testing/foo/views/index.jade
silly asyncMap in gTP /Volumes/burg/Projects/Web/louisrawlins/apps/portfolio/node_modules/___express.npm/package/testing/foo/views/layout.jade
silly asyncMap in gTP /Volumes/burg/Projects/Web/louisrawlins/apps/portfolio/node_modules/___express.npm/package/testing/foo/public
silly asyncMap in gTP /Volumes/burg/Projects/Web/louisrawlins/apps/portfolio/node_modules/___express.npm/package/testing/foo/public/stylesheets
silly asyncMap in gTP /Volumes/burg/Projects/Web/louisrawlins/apps/portfolio/node_modules/___express.npm/package/testing/foo/public/stylesheets/style.css
verbose gunzed /Volumes/burg/Projects/Web/louisrawlins/apps/portfolio/node_modules/___express.npm/package
verbose rm'ed /Volumes/burg/Projects/Web/louisrawlins/apps/portfolio/node_modules/express
verbose renamed [ '/Volumes/burg/Projects/Web/louisrawlins/apps/portfolio/node_modules/___express.npm/package',
verbose renamed   '/Volumes/burg/Projects/Web/louisrawlins/apps/portfolio/node_modules/express' ]
silly asyncMap in gTP /Volumes/burg/Projects/Web/louisrawlins/apps/portfolio/node_modules/___jade.npm/package
silly asyncMap in gTP /Volumes/burg/Projects/Web/louisrawlins/apps/portfolio/node_modules/___jade.npm/package/.npmignore
silly asyncMap in gTP /Volumes/burg/Projects/Web/louisrawlins/apps/portfolio/node_modules/___jade.npm/package/index.js
silly asyncMap in gTP /Volumes/burg/Projects/Web/louisrawlins/apps/portfolio/node_modules/___jade.npm/package/jade.js
silly asyncMap in gTP /Volumes/burg/Projects/Web/louisrawlins/apps/portfolio/node_modules/___jade.npm/package/jade.min.js
silly asyncMap in gTP /Volumes/burg/Projects/Web/louisrawlins/apps/portfolio/node_modules/___jade.npm/package/LICENSE
silly asyncMap in gTP /Volumes/burg/Projects/Web/louisrawlins/apps/portfolio/node_modules/___jade.npm/package/package.json
silly asyncMap in gTP /Volumes/burg/Projects/Web/louisrawlins/apps/portfolio/node_modules/___jade.npm/package/runtime.js
silly asyncMap in gTP /Volumes/burg/Projects/Web/louisrawlins/apps/portfolio/node_modules/___jade.npm/package/runtime.min.js
silly asyncMap in gTP /Volumes/burg/Projects/Web/louisrawlins/apps/portfolio/node_modules/___jade.npm/package/bin
silly asyncMap in gTP /Volumes/burg/Projects/Web/louisrawlins/apps/portfolio/node_modules/___jade.npm/package/bin/jade
silly asyncMap in gTP /Volumes/burg/Projects/Web/louisrawlins/apps/portfolio/node_modules/___jade.npm/package/lib
silly asyncMap in gTP /Volumes/burg/Projects/Web/louisrawlins/apps/portfolio/node_modules/___jade.npm/package/lib/compiler.js
silly asyncMap in gTP /Volumes/burg/Projects/Web/louisrawlins/apps/portfolio/node_modules/___jade.npm/package/lib/doctypes.js
silly asyncMap in gTP /Volumes/burg/Projects/Web/louisrawlins/apps/portfolio/node_modules/___jade.npm/package/lib/filters.js
silly asyncMap in gTP /Volumes/burg/Projects/Web/louisrawlins/apps/portfolio/node_modules/___jade.npm/package/lib/index.js
silly asyncMap in gTP /Volumes/burg/Projects/Web/louisrawlins/apps/portfolio/node_modules/___jade.npm/package/lib/inline-tags.js
silly asyncMap in gTP /Volumes/burg/Projects/Web/louisrawlins/apps/portfolio/node_modules/___jade.npm/package/lib/jade.js
silly asyncMap in gTP /Volumes/burg/Projects/Web/louisrawlins/apps/portfolio/node_modules/___jade.npm/package/lib/lexer.js
silly asyncMap in gTP /Volumes/burg/Projects/Web/louisrawlins/apps/portfolio/node_modules/___jade.npm/package/lib/parser.js
silly asyncMap in gTP /Volumes/burg/Projects/Web/louisrawlins/apps/portfolio/node_modules/___jade.npm/package/lib/runtime.js
silly asyncMap in gTP /Volumes/burg/Projects/Web/louisrawlins/apps/portfolio/node_modules/___jade.npm/package/lib/self-closing.js
silly asyncMap in gTP /Volumes/burg/Projects/Web/louisrawlins/apps/portfolio/node_modules/___jade.npm/package/lib/utils.js
silly asyncMap in gTP /Volumes/burg/Projects/Web/louisrawlins/apps/portfolio/node_modules/___jade.npm/package/lib/nodes
silly asyncMap in gTP /Volumes/burg/Projects/Web/louisrawlins/apps/portfolio/node_modules/___jade.npm/package/lib/nodes/block-comment.js
silly asyncMap in gTP /Volumes/burg/Projects/Web/louisrawlins/apps/portfolio/node_modules/___jade.npm/package/lib/nodes/block.js
silly asyncMap in gTP /Volumes/burg/Projects/Web/louisrawlins/apps/portfolio/node_modules/___jade.npm/package/lib/nodes/case.js
silly asyncMap in gTP /Volumes/burg/Projects/Web/louisrawlins/apps/portfolio/node_modules/___jade.npm/package/lib/nodes/code.js
silly asyncMap in gTP /Volumes/burg/Projects/Web/louisrawlins/apps/portfolio/node_modules/___jade.npm/package/lib/nodes/comment.js
silly asyncMap in gTP /Volumes/burg/Projects/Web/louisrawlins/apps/portfolio/node_modules/___jade.npm/package/lib/nodes/doctype.js
silly asyncMap in gTP /Volumes/burg/Projects/Web/louisrawlins/apps/portfolio/node_modules/___jade.npm/package/lib/nodes/each.js
silly asyncMap in gTP /Volumes/burg/Projects/Web/louisrawlins/apps/portfolio/node_modules/___jade.npm/package/lib/nodes/filter.js
silly asyncMap in gTP /Volumes/burg/Projects/Web/louisrawlins/apps/portfolio/node_modules/___jade.npm/package/lib/nodes/index.js
silly asyncMap in gTP /Volumes/burg/Projects/Web/louisrawlins/apps/portfolio/node_modules/___jade.npm/package/lib/nodes/literal.js
silly asyncMap in gTP /Volumes/burg/Projects/Web/louisrawlins/apps/portfolio/node_modules/___jade.npm/package/lib/nodes/mixin.js
silly asyncMap in gTP /Volumes/burg/Projects/Web/louisrawlins/apps/portfolio/node_modules/___jade.npm/package/lib/nodes/node.js
silly asyncMap in gTP /Volumes/burg/Projects/Web/louisrawlins/apps/portfolio/node_modules/___jade.npm/package/lib/nodes/tag.js
silly asyncMap in gTP /Volumes/burg/Projects/Web/louisrawlins/apps/portfolio/node_modules/___jade.npm/package/lib/nodes/text.js
verbose caching /Volumes/burg/Projects/Web/louisrawlins/apps/portfolio/node_modules/express/package.json
verbose loadDefaults express@2.5.8
verbose gunzed /Volumes/burg/Projects/Web/louisrawlins/apps/portfolio/node_modules/___jade.npm/package
verbose rm'ed /Volumes/burg/Projects/Web/louisrawlins/apps/portfolio/node_modules/jade
verbose renamed [ '/Volumes/burg/Projects/Web/louisrawlins/apps/portfolio/node_modules/___jade.npm/package',
verbose renamed   '/Volumes/burg/Projects/Web/louisrawlins/apps/portfolio/node_modules/jade' ]
info preinstall express@2.5.8
verbose caching /Volumes/burg/Projects/Web/louisrawlins/apps/portfolio/node_modules/jade/package.json
verbose loadDefaults jade@0.20.3
verbose from cache /Volumes/burg/Projects/Web/louisrawlins/apps/portfolio/node_modules/express/package.json
verbose readDependencies: using package.json deps
verbose from cache /Volumes/burg/Projects/Web/louisrawlins/apps/portfolio/node_modules/express/package.json
verbose readDependencies: using package.json deps
verbose cache add [ 'connect@1.x', null ]
silly cache add: name, spec, args [ undefined, 'connect@1.x', [ 'connect@1.x', null ] ]
verbose parsed url { pathname: 'connect@1.x',
verbose parsed url   path: 'connect@1.x',
verbose parsed url   href: 'connect@1.x' }
silly cache add: name, spec, args [ 'connect', '1.x', [ 'connect', '1.x' ] ]
verbose parsed url { pathname: '1.x', path: '1.x', href: '1.x' }
verbose addNamed [ 'connect', '1.x' ]
verbose addNamed [ null, '>=1.0.0- <2.0.0-' ]
silly name, range, hasData [ 'connect', '>=1.0.0- <2.0.0-', false ]
info preinstall jade@0.20.3
verbose cache add [ 'mime@1.2.4', null ]
silly cache add: name, spec, args [ undefined, 'mime@1.2.4', [ 'mime@1.2.4', null ] ]
verbose parsed url { pathname: 'mime@1.2.4',
verbose parsed url   path: 'mime@1.2.4',
verbose parsed url   href: 'mime@1.2.4' }
silly cache add: name, spec, args [ 'mime', '1.2.4', [ 'mime', '1.2.4' ] ]
verbose parsed url { pathname: '1.2.4', path: '1.2.4', href: '1.2.4' }
verbose addNamed [ 'mime', '1.2.4' ]
verbose addNamed [ '1.2.4', '1.2.4' ]
verbose cache add [ 'qs@0.4.x', null ]
silly cache add: name, spec, args [ undefined, 'qs@0.4.x', [ 'qs@0.4.x', null ] ]
verbose parsed url { pathname: 'qs@0.4.x', path: 'qs@0.4.x', href: 'qs@0.4.x' }
silly cache add: name, spec, args [ 'qs', '0.4.x', [ 'qs', '0.4.x' ] ]
verbose parsed url { pathname: '0.4.x', path: '0.4.x', href: '0.4.x' }
verbose addNamed [ 'qs', '0.4.x' ]
verbose addNamed [ null, '>=0.4.0- <0.5.0-' ]
silly name, range, hasData [ 'qs', '>=0.4.0- <0.5.0-', false ]
verbose from cache /Volumes/burg/Projects/Web/louisrawlins/apps/portfolio/node_modules/jade/package.json
verbose cache add [ 'mkdirp@0.3.0', null ]
silly cache add: name, spec, args [ undefined, 'mkdirp@0.3.0', [ 'mkdirp@0.3.0', null ] ]
verbose parsed url { pathname: 'mkdirp@0.3.0',
verbose parsed url   path: 'mkdirp@0.3.0',
verbose parsed url   href: 'mkdirp@0.3.0' }
silly cache add: name, spec, args [ 'mkdirp', '0.3.0', [ 'mkdirp', '0.3.0' ] ]
verbose parsed url { pathname: '0.3.0', path: '0.3.0', href: '0.3.0' }
verbose addNamed [ 'mkdirp', '0.3.0' ]
verbose addNamed [ '0.3.0', '0.3.0' ]
verbose readDependencies: using package.json deps
verbose from cache /Volumes/burg/Projects/Web/louisrawlins/apps/portfolio/node_modules/jade/package.json
verbose raw, before any munging connect
verbose url resolving [ 'https://registry.npmjs.org/', './connect' ]
verbose url resolved https://registry.npmjs.org/connect
verbose etag "4LY9BGZVA48GP92XQ0NUQ60ME"
http GET https://registry.npmjs.org/connect
verbose readDependencies: using package.json deps
verbose raw, before any munging mime/1.2.4
verbose url resolving [ 'https://registry.npmjs.org/', './mime/1.2.4' ]
verbose url resolved https://registry.npmjs.org/mime/1.2.4
verbose etag "5PY141L0BDG99DM6RYDMFCP5H"
http GET https://registry.npmjs.org/mime/1.2.4
verbose cache add [ 'commander@0.5.x', null ]
silly cache add: name, spec, args [ undefined, 'commander@0.5.x', [ 'commander@0.5.x', null ] ]
verbose parsed url { pathname: 'commander@0.5.x',
verbose parsed url   path: 'commander@0.5.x',
verbose parsed url   href: 'commander@0.5.x' }
silly cache add: name, spec, args [ 'commander', '0.5.x', [ 'commander', '0.5.x' ] ]
verbose parsed url { pathname: '0.5.x', path: '0.5.x', href: '0.5.x' }
verbose addNamed [ 'commander', '0.5.x' ]
verbose addNamed [ null, '>=0.5.0- <0.6.0-' ]
silly name, range, hasData [ 'commander', '>=0.5.0- <0.6.0-', false ]
verbose cache add [ 'mkdirp@>= 0.0.7', null ]
silly cache add: name, spec, args [ undefined, 'mkdirp@>= 0.0.7', [ 'mkdirp@>= 0.0.7', null ] ]
verbose parsed url { pathname: 'mkdirp@', path: 'mkdirp@', href: 'mkdirp@' }
silly cache add: name, spec, args [ 'mkdirp', '>= 0.0.7', [ 'mkdirp', '>= 0.0.7' ] ]
verbose parsed url { pathname: '=', path: '=', href: '=' }
verbose addNamed [ 'mkdirp', '>= 0.0.7' ]
verbose addNamed [ null, '>=0.0.7' ]
silly name, range, hasData [ 'mkdirp', '>=0.0.7', false ]
verbose raw, before any munging qs
verbose url resolving [ 'https://registry.npmjs.org/', './qs' ]
verbose url resolved https://registry.npmjs.org/qs
verbose etag "EEB1M7FK60R328QHTWWB2K4MZ"
http GET https://registry.npmjs.org/qs
verbose raw, before any munging mkdirp/0.3.0
verbose url resolving [ 'https://registry.npmjs.org/', './mkdirp/0.3.0' ]
verbose url resolved https://registry.npmjs.org/mkdirp/0.3.0
verbose etag "73VEKG1AADVKHQBH4XG61OA5W"
http GET https://registry.npmjs.org/mkdirp/0.3.0
verbose raw, before any munging commander
verbose url resolving [ 'https://registry.npmjs.org/', './commander' ]
verbose url resolved https://registry.npmjs.org/commander
verbose etag "23DQ85G1JX4YYC14MHYK9XAQB"
http GET https://registry.npmjs.org/commander
verbose raw, before any munging mkdirp
verbose url resolving [ 'https://registry.npmjs.org/', './mkdirp' ]
verbose url resolved https://registry.npmjs.org/mkdirp
verbose etag "73VEKG1AADVKHQBH4XG61OA5W"
http GET https://registry.npmjs.org/mkdirp
http 304 https://registry.npmjs.org/mkdirp/0.3.0
silly get cb [ 304,
silly get cb   { server: 'CouchDB/1.2.0 (Erlang OTP/R15B)',
silly get cb     etag: '"73VEKG1AADVKHQBH4XG61OA5W"',
silly get cb     date: 'Tue, 06 Mar 2012 05:45:34 GMT',
silly get cb     'content-length': '0' } ]
verbose etag mkdirp/0.3.0 from cache
http 304 https://registry.npmjs.org/commander
silly get cb [ 304,
silly get cb   { server: 'CouchDB/1.2.0 (Erlang OTP/R15B)',
silly get cb     etag: '"23DQ85G1JX4YYC14MHYK9XAQB"',
silly get cb     date: 'Tue, 06 Mar 2012 05:45:34 GMT',
silly get cb     'content-length': '0' } ]
verbose etag commander from cache
verbose bin dist [ '0.6-ares1.7.5-DEV-evundefined-openssl0.9.8r-v83.6.6.24-darwin-x64-11.2.0',
verbose bin dist   { shasum: '1bbf5ab1ba827af23575143490426455f481fe1e',
verbose bin dist     tarball: 'http://registry.npmjs.org/mkdirp/-/mkdirp-0.3.0.tgz' } ]
silly name, range, hasData 2 [ 'commander', '>=0.5.0- <0.6.0-', true ]
silly versions [ 'commander',
silly versions   [ '0.2.1',
silly versions     '0.3.0',
silly versions     '0.3.1',
silly versions     '0.3.2',
silly versions     '0.3.3',
silly versions     '0.4.0',
silly versions     '0.4.1',
silly versions     '0.4.2',
silly versions     '0.4.3',
silly versions     '0.5.0',
silly versions     '0.5.1',
silly versions     '0.5.2' ] ]
verbose bin dist [ '0.6-ares1.7.5-DEV-evundefined-openssl0.9.8r-v83.6.6.24-darwin-x64-11.2.0',
verbose bin dist   { shasum: '0cc59302bc1daa1ddc92e1f7ffb82599581a79b6',
verbose bin dist     tarball: 'http://registry.npmjs.org/commander/-/commander-0.5.2.tgz' } ]
verbose caching /Users/ldrawlin/.npm/mkdirp/0.3.0/package/package.json
verbose loadDefaults mkdirp@0.3.0
verbose caching /Users/ldrawlin/.npm/commander/0.5.2/package/package.json
verbose loadDefaults commander@0.5.2
http 304 https://registry.npmjs.org/qs
silly get cb [ 304,
silly get cb   { server: 'CouchDB/1.2.0 (Erlang OTP/R15B)',
silly get cb     etag: '"EEB1M7FK60R328QHTWWB2K4MZ"',
silly get cb     date: 'Tue, 06 Mar 2012 05:45:34 GMT',
silly get cb     'content-length': '0' } ]
verbose etag qs from cache
silly name, range, hasData 2 [ 'qs', '>=0.4.0- <0.5.0-', true ]
silly versions [ 'qs',
silly versions   [ '0.0.1',
silly versions     '0.0.2',
silly versions     '0.0.3',
silly versions     '0.0.4',
silly versions     '0.0.5',
silly versions     '0.0.6',
silly versions     '0.0.7',
silly versions     '0.1.0',
silly versions     '0.2.0',
silly versions     '0.3.0',
silly versions     '0.3.1',
silly versions     '0.3.2',
silly versions     '0.4.0',
silly versions     '0.4.1',
silly versions     '0.4.2' ] ]
verbose bin dist [ '0.6-ares1.7.5-DEV-evundefined-openssl0.9.8r-v83.6.6.24-darwin-x64-11.2.0',
verbose bin dist   { shasum: '3cac4c861e371a8c9c4770ac23cda8de639b8e5f',
verbose bin dist     tarball: 'http://registry.npmjs.org/qs/-/qs-0.4.2.tgz' } ]
verbose caching /Users/ldrawlin/.npm/qs/0.4.2/package/package.json
verbose loadDefaults qs@0.4.2
http 304 https://registry.npmjs.org/mime/1.2.4
silly get cb [ 304,
silly get cb   { server: 'CouchDB/1.2.0 (Erlang OTP/R15B)',
silly get cb     etag: '"5PY141L0BDG99DM6RYDMFCP5H"',
silly get cb     date: 'Tue, 06 Mar 2012 05:45:34 GMT',
silly get cb     'content-length': '0' } ]
verbose etag mime/1.2.4 from cache
verbose bin dist [ '0.6-ares1.7.5-DEV-evundefined-openssl0.9.8r-v83.6.6.24-darwin-x64-11.2.0',
verbose bin dist   { shasum: '11b5fdaf29c2509255176b80ad520294f5de92b7',
verbose bin dist     tarball: 'http://registry.npmjs.org/mime/-/mime-1.2.4.tgz' } ]
verbose caching /Users/ldrawlin/.npm/mime/1.2.4/package/package.json
verbose loadDefaults mime@1.2.4
http 304 https://registry.npmjs.org/mkdirp
silly get cb [ 304,
silly get cb   { server: 'CouchDB/1.2.0 (Erlang OTP/R15B)',
silly get cb     etag: '"73VEKG1AADVKHQBH4XG61OA5W"',
silly get cb     date: 'Tue, 06 Mar 2012 05:45:34 GMT',
silly get cb     'content-length': '0' } ]
verbose etag mkdirp from cache
silly name, range, hasData 2 [ 'mkdirp', '>=0.0.7', true ]
silly versions [ 'mkdirp',
silly versions   [ '0.0.1',
silly versions     '0.0.2',
silly versions     '0.0.3',
silly versions     '0.0.4',
silly versions     '0.0.5',
silly versions     '0.0.6',
silly versions     '0.0.7',
silly versions     '0.1.0',
silly versions     '0.2.0',
silly versions     '0.2.1',
silly versions     '0.2.2',
silly versions     '0.3.0' ] ]
verbose bin dist [ '0.6-ares1.7.5-DEV-evundefined-openssl0.9.8r-v83.6.6.24-darwin-x64-11.2.0',
verbose bin dist   { shasum: '1bbf5ab1ba827af23575143490426455f481fe1e',
verbose bin dist     tarball: 'http://registry.npmjs.org/mkdirp/-/mkdirp-0.3.0.tgz' } ]
verbose from cache /Users/ldrawlin/.npm/mkdirp/0.3.0/package/package.json
silly resolved [ { name: 'commander',
silly resolved     version: '0.5.2',
silly resolved     description: 'the complete solution for node.js command-line programs',
silly resolved     keywords: [ 'command', 'option', 'parser', 'prompt', 'stdin' ],
silly resolved     author: { name: 'TJ Holowaychuk', email: 'tj@vision-media.ca' },
silly resolved     repository: 
silly resolved      { type: 'git',
silly resolved        url: 'git://github.com/visionmedia/commander.js.git' },
silly resolved     dependencies: {},
silly resolved     devDependencies: { should: '>= 0.0.1' },
silly resolved     scripts: { test: 'make test' },
silly resolved     main: 'index',
silly resolved     engines: { node: '>= 0.4.x < 0.8.0' },
silly resolved     _id: 'commander@0.5.2',
silly resolved     optionalDependencies: {},
silly resolved     _engineSupported: true,
silly resolved     _npmVersion: '1.1.4',
silly resolved     _nodeVersion: 'v0.6.12',
silly resolved     _defaultsLoaded: true,
silly resolved     _from: 'commander@0.5.x' },
silly resolved   { name: 'mkdirp',
silly resolved     description: 'Recursively mkdir, like `mkdir -p`',
silly resolved     version: '0.3.0',
silly resolved     author: 
silly resolved      { name: 'James Halliday',
silly resolved        email: 'mail@substack.net',
silly resolved        url: 'http://substack.net' },
silly resolved     main: './index',
silly resolved     keywords: [ 'mkdir', 'directory' ],
silly resolved     repository: 
silly resolved      { type: 'git',
silly resolved        url: 'git://github.com/substack/node-mkdirp.git' },
silly resolved     scripts: { test: 'tap test/*.js' },
silly resolved     devDependencies: { tap: '0.0.x' },
silly resolved     license: 'MIT/X11',
silly resolved     engines: { node: '*' },
silly resolved     _id: 'mkdirp@0.3.0',
silly resolved     dependencies: {},
silly resolved     optionalDependencies: {},
silly resolved     _engineSupported: true,
silly resolved     _npmVersion: '1.1.4',
silly resolved     _nodeVersion: 'v0.6.12',
silly resolved     _defaultsLoaded: true,
silly resolved     _from: 'mkdirp@>= 0.0.7' } ]
info into /Volumes/burg/Projects/Web/louisrawlins/apps/portfolio/node_modules/jade commander@0.5.2
info into /Volumes/burg/Projects/Web/louisrawlins/apps/portfolio/node_modules/jade mkdirp@0.3.0
info installOne commander@0.5.2
info installOne mkdirp@0.3.0
verbose from cache /Users/ldrawlin/.npm/commander/0.5.2/package/package.json
info unbuild /Volumes/burg/Projects/Web/louisrawlins/apps/portfolio/node_modules/jade/node_modules/commander
verbose from cache /Users/ldrawlin/.npm/mkdirp/0.3.0/package/package.json
info unbuild /Volumes/burg/Projects/Web/louisrawlins/apps/portfolio/node_modules/jade/node_modules/mkdirp
verbose mkdir (expected) error ENOENT, no such file or directory '/Volumes/burg/Projects/Web/louisrawlins/apps/portfolio/node_modules/jade/node_modules'
verbose mkdir (expected) error ENOENT, no such file or directory '/Volumes/burg/Projects/Web/louisrawlins/apps/portfolio/node_modules/jade/node_modules'
verbose mkdir (expected) error ENOENT, no such file or directory '/Volumes/burg/Projects/Web/louisrawlins/apps/portfolio/node_modules/jade/node_modules/___commander.npm'
verbose mkdir done: /Volumes/burg/Projects/Web/louisrawlins/apps/portfolio/node_modules/jade/node_modules/___commander.npm 755
verbose mkdir (expected) error ENOENT, no such file or directory '/Volumes/burg/Projects/Web/louisrawlins/apps/portfolio/node_modules/jade/node_modules/___mkdirp.npm'
verbose unpack_ uid, gid [ undefined, undefined ]
verbose unpackTarget /Volumes/burg/Projects/Web/louisrawlins/apps/portfolio/node_modules/jade/node_modules/commander
silly gunzTarPerm modes [ '755', '644' ]
verbose mkdir done: /Volumes/burg/Projects/Web/louisrawlins/apps/portfolio/node_modules/jade/node_modules/___mkdirp.npm 755
verbose unpack_ uid, gid [ undefined, undefined ]
verbose unpackTarget /Volumes/burg/Projects/Web/louisrawlins/apps/portfolio/node_modules/jade/node_modules/mkdirp
silly gunzTarPerm modes [ '755', '644' ]
silly afterUntar ok
verbose gunzed /Volumes/burg/Projects/Web/louisrawlins/apps/portfolio/node_modules/jade/node_modules/___mkdirp.npm
verbose rm'ed /Volumes/burg/Projects/Web/louisrawlins/apps/portfolio/node_modules/jade/node_modules/mkdirp
verbose renamed [ '/Volumes/burg/Projects/Web/louisrawlins/apps/portfolio/node_modules/jade/node_modules/___mkdirp.npm',
verbose renamed   '/Volumes/burg/Projects/Web/louisrawlins/apps/portfolio/node_modules/jade/node_modules/mkdirp' ]
ERR! error installing mkdirp@0.3.0
info unbuild /Volumes/burg/Projects/Web/louisrawlins/apps/portfolio/node_modules/jade/node_modules/mkdirp
verbose installOne cb mkdirp@0.3.0
verbose about to build /Volumes/burg/Projects/Web/louisrawlins/apps/portfolio/node_modules/jade
ERR! error installing jade@0.20.3
info unbuild /Volumes/burg/Projects/Web/louisrawlins/apps/portfolio/node_modules/jade
verbose from cache /Volumes/burg/Projects/Web/louisrawlins/apps/portfolio/node_modules/jade/package.json
info preuninstall jade@0.20.3
info uninstall jade@0.20.3
verbose unbuild jade@0.20.3 [ true,
verbose unbuild jade@0.20.3   '/Volumes/burg/Projects/Web/louisrawlins/apps/portfolio/node_modules',
verbose unbuild jade@0.20.3   '/Volumes/burg/Projects/Web/louisrawlins/apps/portfolio/node_modules' ]
verbose binRoot [ '/Volumes/burg/Projects/Web/louisrawlins/apps/portfolio/node_modules/.bin',
verbose binRoot   { jade: './bin/jade' } ]
info postuninstall jade@0.20.3
verbose installOne cb jade@0.20.3
ERR! Error: ENOENT, no such file or directory '/Volumes/burg/Projects/Web/louisrawlins/apps/portfolio/node_modules/jade/node_modules/mkdirp/package.json'
ERR! You may report this log at:
ERR!     <http://github.com/isaacs/npm/issues>
ERR! or email it to:
ERR!     <npm-@googlegroups.com>
ERR! 
ERR! System Darwin 11.2.0
ERR! command "node" "/usr/local/bin/npm" "install" "-d"
ERR! cwd /Volumes/burg/Projects/Web/louisrawlins/apps/portfolio
ERR! node -v v0.6.12
ERR! npm -v 1.1.4
ERR! path /Volumes/burg/Projects/Web/louisrawlins/apps/portfolio/node_modules/jade/node_modules/mkdirp/package.json
ERR! code ENOENT
ERR! message ENOENT, no such file or directory '/Volumes/burg/Projects/Web/louisrawlins/apps/portfolio/node_modules/jade/node_modules/mkdirp/package.json'
ERR! errno {}
verbose exit [ 1, true ]
